<?xml version="1.0" encoding="UTF-8"?>
<testsuite xmlns:xsi="http://www.w3.org/2001/XMLSchema-instance" xsi:noNamespaceSchemaLocation="https://maven.apache.org/surefire/maven-surefire-plugin/xsd/surefire-test-report-3.0.xsd" version="3.0" name="TestSuite" time="73.688" tests="1" errors="0" skipped="0" failures="0">
  <properties>
[...]
</properties>
  <testcase name="TestDress_init" classname="TestYourLogo.TestDress" time="41.14">
    <system-out><![CDATA[Browser Gonna  launch the following website :http://automationpractice.com/index.php
Application lauched
Screen shots taken sucessfully
Init worked sucessfully
Screen shots taken sucessfully
Clicked Sigin button 
automationtest1994@gmail.com
Entered the username
Automationtest1994
Entered the Password
Clicked login button 
Capturing the title
My account - My Store
Browser gonna close
Clicked Dress  tab
Wait starts
Wait Ends
Selected Value in T-shirt DD 
Attribute value captured 
Right click on the properties element
Screen shots taken sucessfully
Right click performed sucessfully
Performing mousehour action
Performed mousehour action sucessfully
Opening the new tab in dress page 
Screen shots taken sucessfully
This is new window: New products - My Store
Clicking the new Browser buton
Clicked new browser button
Started handing the child window
This is current Window : Selenium Framework | PracticeformAnd window id : CDwindow-CE541EF27E90333D63C8C8DBC09BB5A6
This is Total Windows : 3
This is child window :  T-shirts - My StoreAnd child window id : CDwindow-141F6471DB23308ED1CEC94F03326A50
Window titleSelenium Framework | Practiceform
Window titleSelenium Framework | Practiceform
This is child window :  Selenium Framework | Selenium, Cucumber, Ruby, Java et al.And child window id : CDwindow-7B362A814E542D15383B3DC116A31782
Window titleSelenium Framework | Practiceform
 child window handled successfully
Click the alert box
Thiis is test Method
This is the alert textPlease share this website with your friends and in your organization.
Clicked the alert box
Started performing Drag and Drop
Performed Drag and Drop succesffuly
opening the tab action performed successfully
]]></system-out>
    <system-err><![CDATA[SLF4J: Failed to load class "org.slf4j.impl.StaticLoggerBinder".
SLF4J: Defaulting to no-operation (NOP) logger implementation
SLF4J: See http://www.slf4j.org/codes.html#StaticLoggerBinder for further details.
ERROR StatusLogger Log4j2 could not find a logging implementation. Please add log4j-core to the classpath. Using SimpleLogger to log to the console...
Starting ChromeDriver 100.0.4896.60 (6a5d10861ce8de5fce22564658033b43cb7de047-refs/branch-heads/4896@{#875}) on port 49484
Only local connections are allowed.
Please see https://chromedriver.chromium.org/security-considerations for suggestions on keeping ChromeDriver safe.
ChromeDriver was started successfully.
Apr 27, 2022 12:12:09 PM org.openqa.selenium.remote.ProtocolHandshake createSession
INFO: Detected dialect: W3C
Apr 27, 2022 12:12:09 PM org.openqa.selenium.devtools.CdpVersionFinder findNearestMatch
WARNING: Unable to find an exact match for CDP version 100, so returning the closest version found: a no-op implementation
Apr 27, 2022 12:12:09 PM org.openqa.selenium.devtools.CdpVersionFinder findNearestMatch
INFO: Unable to find CDP implementation matching 100.
Apr 27, 2022 12:12:09 PM org.openqa.selenium.chromium.ChromiumDriver lambda$new$3
WARNING: Unable to find version of CDP to use for . You may need to include a dependency on a specific version of the CDP using something similar to `org.seleniumhq.selenium:selenium-devtools-v86:4.1.3` where the version ("v86") matches the version of the chromium-based browser you're using and the version number of the artifact is the same as Selenium's.
]]></system-err>
  </testcase>
</testsuite>