<?xml version="1.0" encoding="UTF-8"?>
<testng-results ignored="0" total="1" passed="1" failed="0" skipped="0">
  <reporter-output>
  </reporter-output>
  <suite started-at="2022-04-17T20:39:17 IST" name="Suite" finished-at="2022-04-17T20:39:40 IST" duration-ms="22878">
    <groups>
    </groups>
    <test started-at="2022-04-17T20:39:17 IST" name="Test" finished-at="2022-04-17T20:39:40 IST" duration-ms="22878">
      <class name="TestYourLogo.Testlogin">
        <test-method is-config="true" signature="launchtheBrowser_init()[pri:0, instance:TestYourLogo.Testlogin@7fee8714]" started-at="2022-04-17T20:39:17 IST" name="launchtheBrowser_init" finished-at="2022-04-17T20:39:33 IST" duration-ms="16023" status="PASS">
          <reporter-output>
          </reporter-output>
        </test-method> <!-- launchtheBrowser_init -->
        <test-method signature="Login_into_the_Website()[pri:0, instance:TestYourLogo.Testlogin@7fee8714]" started-at="2022-04-17T20:39:33 IST" name="Login_into_the_Website" finished-at="2022-04-17T20:39:40 IST" duration-ms="6808" status="PASS">
          <reporter-output>
          </reporter-output>
        </test-method> <!-- Login_into_the_Website -->
      </class> <!-- TestYourLogo.Testlogin -->
    </test> <!-- Test -->
  </suite> <!-- Suite -->
</testng-results>
