<?xml version="1.0" encoding="UTF-8"?>
<testng-results ignored="0" total="1" passed="1" failed="0" skipped="0">
  <reporter-output>
  </reporter-output>
  <suite started-at="2022-04-18T20:24:52 IST" name="Default suite" finished-at="2022-04-18T20:24:53 IST" duration-ms="804">
    <groups>
    </groups>
    <test started-at="2022-04-18T20:24:52 IST" name="Default test" finished-at="2022-04-18T20:24:53 IST" duration-ms="804">
      <class name="ReportYourLogo.Reporting">
        <test-method signature="Report_Extend()[pri:0, instance:ReportYourLogo.Reporting@24fcf36f]" started-at="2022-04-18T20:24:52 IST" name="Report_Extend" finished-at="2022-04-18T20:24:53 IST" duration-ms="759" status="PASS">
          <reporter-output>
          </reporter-output>
        </test-method> <!-- Report_Extend -->
      </class> <!-- ReportYourLogo.Reporting -->
    </test> <!-- Default test -->
  </suite> <!-- Default suite -->
</testng-results>
